<?xml version="1.0" encoding="UTF-8" standalone="yes"?><!DOCTYPE report PUBLIC "-//JACOCO//DTD Report 1.1//EN" "report.dtd"><report name="Dependency-Check Core"><sessioninfo id="travis-job-6ac3a58b-90eb-446d-b50c-f2fe23eeb635-5e845c00" start="1550407554187" dump="1550407556949"/><sessioninfo id="travis-job-6ac3a58b-90eb-446d-b50c-f2fe23eeb635-a4395607" start="1550407636865" dump="1550407798260"/><group name="dependency-check-utils"><package name="org/owasp/dependencycheck/utils/search"><class name="org/owasp/dependencycheck/utils/search/FileContentSearch" sourcefilename="FileContentSearch.java"><method name="contains" desc="(Ljava/io/File;Ljava/lang/String;)Z" line="52"><counter type="INSTRUCTION" missed="22" covered="0"/><counter type="BRANCH" missed="2" covered="0"/><counter type="LINE" missed="5" covered="0"/><counter type="COMPLEXITY" missed="2" covered="0"/><counter type="METHOD" missed="1" covered="0"/></method><method name="contains" desc="(Ljava/io/File;[Ljava/lang/String;)Z" line="71"><counter type="INSTRUCTION" missed="41" covered="0"/><counter type="BRANCH" missed="2" covered="0"/><counter type="LINE" missed="5" covered="0"/><counter type="COMPLEXITY" missed="2" covered="0"/><counter type="METHOD" missed="1" covered="0"/></method><method name="lambda$contains$0" desc="(Ljava/util/Scanner;Ljava/util/regex/Pattern;)Z" line="76"><counter type="INSTRUCTION" missed="9" covered="0"/><counter type="BRANCH" missed="2" covered="0"/><counter type="LINE" missed="1" covered="0"/><counter type="COMPLEXITY" missed="2" covered="0"/><counter type="METHOD" missed="1" covered="0"/></method><counter type="INSTRUCTION" missed="72" covered="0"/><counter type="BRANCH" missed="6" covered="0"/><counter type="LINE" missed="10" covered="0"/><counter type="COMPLEXITY" missed="6" covered="0"/><counter type="METHOD" missed="3" covered="0"/><counter type="CLASS" missed="1" covered="0"/></class><sourcefile name="FileContentSearch.java"><line nr="52" mi="8" ci="0" mb="0" cb="0"/><line nr="53" mi="3" ci="0" mb="0" cb="0"/><line nr="54" mi="5" ci="0" mb="2" cb="0"/><line nr="55" mi="4" ci="0" mb="0" cb="0"/><line nr="58" mi="2" ci="0" mb="0" cb="0"/><line nr="71" mi="4" ci="0" mb="0" cb="0"/><line nr="72" mi="16" ci="0" mb="2" cb="0"/><line nr="73" mi="5" ci="0" mb="0" cb="0"/><line nr="75" mi="8" ci="0" mb="0" cb="0"/><line nr="76" mi="17" ci="0" mb="2" cb="0"/><counter type="INSTRUCTION" missed="72" covered="0"/><counter type="BRANCH" missed="6" covered="0"/><counter type="LINE" missed="10" covered="0"/><counter type="COMPLEXITY" missed="6" covered="0"/><counter type="METHOD" missed="3" covered="0"/><counter type="CLASS" missed="1" covered="0"/></sourcefile><counter type="INSTRUCTION" missed="72" covered="0"/><counter type="BRANCH" missed="6" covered="0"/><counter type="LINE" missed="10" covered="0"/><counter type="COMPLEXITY" missed="6" covered="0"/><counter type="METHOD" missed="3" covered="0"/><counter type="CLASS" missed="1" covered="0"/></package><package name="org/owasp/dependencycheck/utils"><class name="org/owasp/dependencycheck/utils/FileUtils" sourcefilename="FileUtils.java"><method name="getFileExtension" desc="(Ljava/lang/String;)Ljava/lang/String;" line="66"><counter type="INSTRUCTION" missed="2" covered="12"/><counter type="BRANCH" missed="2" covered="2"/><counter type="LINE" missed="0" covered="2"/><counter type="COMPLEXITY" missed="2" covered="1"/><counter type="METHOD" missed="0" covered="1"/></method><method name="delete" desc="(Ljava/io/File;)Z" line="78"><counter type="INSTRUCTION" missed="7" covered="7"/><counter type="BRANCH" missed="1" covered="1"/><counter type="LINE" missed="2" covered="3"/><counter type="COMPLEXITY" missed="1" covered="1"/><counter type="METHOD" missed="0" covered="1"/></method><method name="createTempDirectory" desc="(Ljava/io/File;)Ljava/io/File;" line="95"><counter type="INSTRUCTION" missed="18" covered="27"/><counter type="BRANCH" missed="2" covered="2"/><counter type="LINE" missed="2" covered="5"/><counter type="COMPLEXITY" missed="2" covered="1"/><counter type="METHOD" missed="0" covered="1"/></method><method name="getBitBucket" desc="()Ljava/lang/String;" line="113"><counter type="INSTRUCTION" missed="2" covered="4"/><counter type="BRANCH" missed="1" covered="1"/><counter type="LINE" missed="1" covered="2"/><counter type="COMPLEXITY" missed="1" covered="1"/><counter type="METHOD" missed="0" covered="1"/></method><method name="close" desc="(Ljava/io/Closeable;)V" line="127"><counter type="INSTRUCTION" missed="5" covered="7"/><counter type="BRANCH" missed="0" covered="2"/><counter type="LINE" missed="2" covered="4"/><counter type="COMPLEXITY" missed="0" covered="2"/><counter type="METHOD" missed="0" covered="1"/></method><method name="getResourceAsStream" desc="(Ljava/lang/String;)Ljava/io/InputStream;" line="143"><counter type="INSTRUCTION" missed="2" covered="9"/><counter type="BRANCH" missed="1" covered="1"/><counter type="LINE" missed="1" covered="2"/><counter type="COMPLEXITY" missed="1" covered="1"/><counter type="METHOD" missed="0" covered="1"/></method><method name="&lt;clinit&gt;" desc="()V" line="42"><counter type="INSTRUCTION" missed="0" covered="4"/><counter type="LINE" missed="0" covered="1"/><counter type="COMPLEXITY" missed="0" covered="1"/><counter type="METHOD" missed="0" covered="1"/></method><counter type="INSTRUCTION" missed="36" covered="70"/><counter type="BRANCH" missed="7" covered="9"/><counter type="LINE" missed="8" covered="19"/><counter type="COMPLEXITY" missed="7" covered="8"/><counter type="METHOD" missed="0" covered="7"/><counter type="CLASS" missed="0" covered="1"/></class><class name="org/owasp/dependencycheck/utils/HttpResourceConnection" sourcefilename="HttpResourceConnection.java"><method name="&lt;init&gt;" desc="(Lorg/owasp/dependencycheck/utils/Settings;)V" line="84"><counter type="INSTRUCTION" missed="0" covered="5"/><counter type="LINE" missed="0" covered="2"/><counter type="COMPLEXITY" missed="0" covered="1"/><counter type="METHOD" missed="0" covered="1"/></method><method name="&lt;init&gt;" desc="(Lorg/owasp/dependencycheck/utils/Settings;Z)V" line="72"><counter type="INSTRUCTION" missed="0" covered="21"/><counter type="LINE" missed="0" covered="7"/><counter type="COMPLEXITY" missed="0" covered="1"/><counter type="METHOD" missed="0" covered="1"/></method><method name="fetch" desc="(Ljava/net/URL;)Ljava/io/InputStream;" line="109"><counter type="INSTRUCTION" missed="142" covered="36"/><counter type="BRANCH" missed="8" covered="6"/><counter type="LINE" missed="25" covered="8"/><counter type="COMPLEXITY" missed="6" covered="2"/><counter type="METHOD" missed="0" covered="1"/></method><method name="obtainConnection" desc="(Ljava/net/URL;)Ljava/net/HttpURLConnection;" line="167"><counter type="INSTRUCTION" missed="104" covered="40"/><counter type="BRANCH" missed="10" covered="4"/><counter type="LINE" missed="23" covered="11"/><counter type="COMPLEXITY" missed="7" covered="1"/><counter type="METHOD" missed="0" covered="1"/></method><method name="getLastModified" desc="(Ljava/net/URL;)J" line="233"><counter type="INSTRUCTION" missed="0" covered="5"/><counter type="LINE" missed="0" covered="1"/><counter type="COMPLEXITY" missed="0" covered="1"/><counter type="METHOD" missed="0" covered="1"/></method><method name="getLastModified" desc="(Ljava/net/URL;Z)J" line="249"><counter type="INSTRUCTION" missed="144" covered="43"/><counter type="BRANCH" missed="10" covered="4"/><counter type="LINE" missed="23" covered="14"/><counter type="COMPLEXITY" missed="7" covered="1"/><counter type="METHOD" missed="0" covered="1"/></method><method name="close" desc="()V" line="312"><counter type="INSTRUCTION" missed="0" covered="10"/><counter type="BRANCH" missed="1" covered="1"/><counter type="LINE" missed="0" covered="4"/><counter type="COMPLEXITY" missed="1" covered="1"/><counter type="METHOD" missed="0" covered="1"/></method><method name="isClosed" desc="()Z" line="327"><counter type="INSTRUCTION" missed="7" covered="0"/><counter type="BRANCH" missed="2" covered="0"/><counter type="LINE" missed="1" covered="0"/><counter type="COMPLEXITY" missed="2" covered="0"/><counter type="METHOD" missed="1" covered="0"/></method><method name="determineHttpMethod" desc="()Ljava/lang/String;" line="336"><counter type="INSTRUCTION" missed="1" covered="6"/><counter type="BRANCH" missed="1" covered="1"/><counter type="LINE" missed="0" covered="1"/><counter type="COMPLEXITY" missed="1" covered="1"/><counter type="METHOD" missed="0" covered="1"/></method><method name="isQuickQuery" desc="()Z" line="349"><counter type="INSTRUCTION" missed="12" covered="9"/><counter type="BRANCH" missed="2" covered="0"/><counter type="LINE" missed="4" covered="3"/><counter type="COMPLEXITY" missed="1" covered="1"/><counter type="METHOD" missed="0" covered="1"/></method><method name="checkForCommonExceptionTypes" desc="(Ljava/io/IOException;)V" line="370"><counter type="INSTRUCTION" missed="70" covered="0"/><counter type="BRANCH" missed="6" covered="0"/><counter type="LINE" missed="16" covered="0"/><counter type="COMPLEXITY" missed="4" covered="0"/><counter type="METHOD" missed="1" covered="0"/></method><method name="&lt;clinit&gt;" desc="()V" line="46"><counter type="INSTRUCTION" missed="0" covered="4"/><counter type="LINE" missed="0" covered="1"/><counter type="COMPLEXITY" missed="0" covered="1"/><counter type="METHOD" missed="0" covered="1"/></method><counter type="INSTRUCTION" missed="480" covered="179"/><counter type="BRANCH" missed="40" covered="16"/><counter type="LINE" missed="92" covered="52"/><counter type="COMPLEXITY" missed="29" covered="11"/><counter type="METHOD" missed="2" covered="10"/><counter type="CLASS" missed="0" covered="1"/></class><class name="org/owasp/dependencycheck/utils/Settings" sourcefilename="Settings.java"><method name="&lt;init&gt;" desc="()V" line="63"><counter type="INSTRUCTION" missed="0" covered="12"/><counter type="LINE" missed="0" covered="5"/><counter type="COMPLEXITY" missed="0" covered="1"/><counter type="METHOD" missed="0" covered="1"/></method><method name="&lt;init&gt;" desc="(Ljava/lang/String;)V" line="63"><counter type="INSTRUCTION" missed="12" covered="0"/><counter type="LINE" missed="5" covered="0"/><counter type="COMPLEXITY" missed="1" covered="0"/><counter type="METHOD" missed="1" covered="0"/></method><method name="initialize" desc="(Ljava/lang/String;)V" line="571"><counter type="INSTRUCTION" missed="19" covered="21"/><counter type="LINE" missed="6" covered="6"/><counter type="COMPLEXITY" missed="0" covered="1"/><counter type="METHOD" missed="0" covered="1"/></method><method name="cleanup" desc="()V" line="588"><counter type="INSTRUCTION" missed="4" covered="0"/><counter type="LINE" missed="2" covered="0"/><counter type="COMPLEXITY" missed="1" covered="0"/><counter type="METHOD" missed="1" covered="0"/></method><method name="cleanup" desc="(Z)V" line="598"><counter type="INSTRUCTION" missed="0" covered="23"/><counter type="BRANCH" missed="1" covered="5"/><counter type="LINE" missed="0" covered="5"/><counter type="COMPLEXITY" missed="1" covered="3"/><counter type="METHOD" missed="0" covered="1"/></method><method name="logProperties" desc="(Ljava/lang/String;Ljava/util/Properties;)V" line="613"><counter type="INSTRUCTION" missed="73" covered="4"/><counter type="BRANCH" missed="7" covered="1"/><counter type="LINE" missed="14" covered="2"/><counter type="COMPLEXITY" missed="4" covered="1"/><counter type="METHOD" missed="0" covered="1"/></method><method name="setString" desc="(Ljava/lang/String;Ljava/lang/String;)V" line="643"><counter type="INSTRUCTION" missed="0" covered="12"/><counter type="LINE" missed="0" covered="3"/><counter type="COMPLEXITY" missed="0" covered="1"/><counter type="METHOD" missed="0" covered="1"/></method><method name="setStringIfNotNull" desc="(Ljava/lang/String;Ljava/lang/String;)V" line="654"><counter type="INSTRUCTION" missed="8" covered="0"/><counter type="BRANCH" missed="2" covered="0"/><counter type="LINE" missed="3" covered="0"/><counter type="COMPLEXITY" missed="2" covered="0"/><counter type="METHOD" missed="1" covered="0"/></method><method name="setStringIfNotEmpty" desc="(Ljava/lang/String;Ljava/lang/String;)V" line="666"><counter type="INSTRUCTION" missed="7" covered="4"/><counter type="BRANCH" missed="3" covered="1"/><counter type="LINE" missed="1" covered="2"/><counter type="COMPLEXITY" missed="2" covered="1"/><counter type="METHOD" missed="0" covered="1"/></method><method name="setArrayIfNotEmpty" desc="(Ljava/lang/String;[Ljava/lang/String;)V" line="678"><counter type="INSTRUCTION" missed="15" covered="0"/><counter type="BRANCH" missed="4" covered="0"/><counter type="LINE" missed="3" covered="0"/><counter type="COMPLEXITY" missed="3" covered="0"/><counter type="METHOD" missed="1" covered="0"/></method><method name="setArrayIfNotEmpty" desc="(Ljava/lang/String;Ljava/util/List;)V" line="690"><counter type="INSTRUCTION" missed="15" covered="0"/><counter type="BRANCH" missed="4" covered="0"/><counter type="LINE" missed="3" covered="0"/><counter type="COMPLEXITY" missed="3" covered="0"/><counter type="METHOD" missed="1" covered="0"/></method><method name="setBoolean" desc="(Ljava/lang/String;Z)V" line="702"><counter type="INSTRUCTION" missed="0" covered="6"/><counter type="LINE" missed="0" covered="2"/><counter type="COMPLEXITY" missed="0" covered="1"/><counter type="METHOD" missed="0" covered="1"/></method><method name="setBooleanIfNotNull" desc="(Ljava/lang/String;Ljava/lang/Boolean;)V" line="712"><counter type="INSTRUCTION" missed="9" covered="0"/><counter type="BRANCH" missed="2" covered="0"/><counter type="LINE" missed="3" covered="0"/><counter type="COMPLEXITY" missed="2" covered="0"/><counter type="METHOD" missed="1" covered="0"/></method><method name="setInt" desc="(Ljava/lang/String;I)V" line="724"><counter type="INSTRUCTION" missed="14" covered="0"/><counter type="LINE" missed="3" covered="0"/><counter type="COMPLEXITY" missed="1" covered="0"/><counter type="METHOD" missed="1" covered="0"/></method><method name="setIntIfNotNull" desc="(Ljava/lang/String;Ljava/lang/Integer;)V" line="735"><counter type="INSTRUCTION" missed="9" covered="0"/><counter type="BRANCH" missed="2" covered="0"/><counter type="LINE" missed="3" covered="0"/><counter type="COMPLEXITY" missed="2" covered="0"/><counter type="METHOD" missed="1" covered="0"/></method><method name="mergeProperties" desc="(Ljava/io/File;)V" line="753"><counter type="INSTRUCTION" missed="11" covered="0"/><counter type="LINE" missed="3" covered="0"/><counter type="COMPLEXITY" missed="1" covered="0"/><counter type="METHOD" missed="1" covered="0"/></method><method name="mergeProperties" desc="(Ljava/lang/String;)V" line="771"><counter type="INSTRUCTION" missed="11" covered="0"/><counter type="LINE" missed="3" covered="0"/><counter type="COMPLEXITY" missed="1" covered="0"/><counter type="METHOD" missed="1" covered="0"/></method><method name="mergeProperties" desc="(Ljava/io/InputStream;)V" line="787"><counter type="INSTRUCTION" missed="10" covered="0"/><counter type="LINE" missed="3" covered="0"/><counter type="COMPLEXITY" missed="1" covered="0"/><counter type="METHOD" missed="1" covered="0"/></method><method name="getFile" desc="(Ljava/lang/String;)Ljava/io/File;" line="801"><counter type="INSTRUCTION" missed="13" covered="0"/><counter type="BRANCH" missed="2" covered="0"/><counter type="LINE" missed="4" covered="0"/><counter type="COMPLEXITY" missed="2" covered="0"/><counter type="METHOD" missed="1" covered="0"/></method><method name="getDataFile" desc="(Ljava/lang/String;)Ljava/io/File;" line="823"><counter type="INSTRUCTION" missed="28" covered="19"/><counter type="BRANCH" missed="2" covered="2"/><counter type="LINE" missed="7" covered="5"/><counter type="COMPLEXITY" missed="2" covered="1"/><counter type="METHOD" missed="0" covered="1"/></method><method name="getJarPath" desc="()Ljava/io/File;" line="846"><counter type="INSTRUCTION" missed="52" covered="0"/><counter type="BRANCH" missed="8" covered="0"/><counter type="LINE" missed="13" covered="0"/><counter type="COMPLEXITY" missed="5" covered="0"/><counter type="METHOD" missed="1" covered="0"/></method><method name="getString" desc="(Ljava/lang/String;Ljava/lang/String;)Ljava/lang/String;" line="877"><counter type="INSTRUCTION" missed="0" covered="8"/><counter type="LINE" missed="0" covered="1"/><counter type="COMPLEXITY" missed="0" covered="1"/><counter type="METHOD" missed="0" covered="1"/></method><method name="getTempDirectory" desc="()Ljava/io/File;" line="887"><counter type="INSTRUCTION" missed="0" covered="19"/><counter type="BRANCH" missed="0" covered="2"/><counter type="LINE" missed="0" covered="4"/><counter type="COMPLEXITY" missed="0" covered="2"/><counter type="METHOD" missed="0" covered="1"/></method><method name="getString" desc="(Ljava/lang/String;)Ljava/lang/String;" line="904"><counter type="INSTRUCTION" missed="0" covered="7"/><counter type="LINE" missed="0" covered="1"/><counter type="COMPLEXITY" missed="0" covered="1"/><counter type="METHOD" missed="0" covered="1"/></method><method name="getArray" desc="(Ljava/lang/String;)[Ljava/lang/String;" line="916"><counter type="INSTRUCTION" missed="8" covered="22"/><counter type="BRANCH" missed="2" covered="4"/><counter type="LINE" missed="1" covered="5"/><counter type="COMPLEXITY" missed="2" covered="2"/><counter type="METHOD" missed="0" covered="1"/></method><method name="removeProperty" desc="(Ljava/lang/String;)V" line="934"><counter type="INSTRUCTION" missed="6" covered="0"/><counter type="LINE" missed="2" covered="0"/><counter type="COMPLEXITY" missed="1" covered="0"/><counter type="METHOD" missed="1" covered="0"/></method><method name="getInt" desc="(Ljava/lang/String;)I" line="950"><counter type="INSTRUCTION" missed="16" covered="5"/><counter type="LINE" missed="2" covered="1"/><counter type="COMPLEXITY" missed="0" covered="1"/><counter type="METHOD" missed="0" covered="1"/></method><method name="getInt" desc="(Ljava/lang/String;I)I" line="970"><counter type="INSTRUCTION" missed="20" covered="17"/><counter type="BRANCH" missed="1" covered="1"/><counter type="LINE" missed="1" covered="6"/><counter type="COMPLEXITY" missed="1" covered="1"/><counter type="METHOD" missed="0" covered="1"/></method><method name="getLong" desc="(Ljava/lang/String;)J" line="993"><counter type="INSTRUCTION" missed="21" covered="0"/><counter type="LINE" missed="3" covered="0"/><counter type="COMPLEXITY" missed="1" covered="0"/><counter type="METHOD" missed="1" covered="0"/></method><method name="getBoolean" desc="(Ljava/lang/String;)Z" line="1012"><counter type="INSTRUCTION" missed="0" covered="5"/><counter type="LINE" missed="0" covered="1"/><counter type="COMPLEXITY" missed="0" covered="1"/><counter type="METHOD" missed="0" covered="1"/></method><method name="getBoolean" desc="(Ljava/lang/String;Z)Z" line="1030"><counter type="INSTRUCTION" missed="0" covered="7"/><counter type="LINE" missed="0" covered="1"/><counter type="COMPLEXITY" missed="0" covered="1"/><counter type="METHOD" missed="0" covered="1"/></method><method name="getFloat" desc="(Ljava/lang/String;F)F" line="1046"><counter type="INSTRUCTION" missed="15" covered="0"/><counter type="LINE" missed="6" covered="0"/><counter type="COMPLEXITY" missed="1" covered="0"/><counter type="METHOD" missed="1" covered="0"/></method><method name="getConnectionString" desc="(Ljava/lang/String;Ljava/lang/String;)Ljava/lang/String;" line="1070"><counter type="INSTRUCTION" missed="30" covered="65"/><counter type="BRANCH" missed="6" covered="6"/><counter type="LINE" missed="5" covered="15"/><counter type="COMPLEXITY" missed="6" covered="1"/><counter type="METHOD" missed="0" covered="1"/></method><method name="getDataDirectory" desc="()Ljava/io/File;" line="1107"><counter type="INSTRUCTION" missed="20" covered="11"/><counter type="BRANCH" missed="6" covered="2"/><counter type="LINE" missed="2" covered="3"/><counter type="COMPLEXITY" missed="4" covered="1"/><counter type="METHOD" missed="0" covered="1"/></method><method name="getH2DataDirectory" desc="()Ljava/io/File;" line="1123"><counter type="INSTRUCTION" missed="20" covered="25"/><counter type="BRANCH" missed="7" covered="5"/><counter type="LINE" missed="2" covered="6"/><counter type="COMPLEXITY" missed="5" covered="2"/><counter type="METHOD" missed="0" covered="1"/></method><method name="getTempFile" desc="(Ljava/lang/String;Ljava/lang/String;)Ljava/io/File;" line="1146"><counter type="INSTRUCTION" missed="37" covered="0"/><counter type="BRANCH" missed="2" covered="0"/><counter type="LINE" missed="6" covered="0"/><counter type="COMPLEXITY" missed="2" covered="0"/><counter type="METHOD" missed="1" covered="0"/></method><method name="&lt;clinit&gt;" desc="()V" line="51"><counter type="INSTRUCTION" missed="0" covered="4"/><counter type="LINE" missed="0" covered="1"/><counter type="COMPLEXITY" missed="0" covered="1"/><counter type="METHOD" missed="0" covered="1"/></method><counter type="INSTRUCTION" missed="503" covered="296"/><counter type="BRANCH" missed="61" covered="29"/><counter type="LINE" missed="107" covered="75"/><counter type="COMPLEXITY" missed="57" covered="25"/><counter type="METHOD" missed="17" covered="20"/><counter type="CLASS" missed="0" covered="1"/></class><class name="org/owasp/dependencycheck/utils/ExpectedObjectInputStream" sourcefilename="ExpectedObjectInputStream.java"><method name="&lt;init&gt;" desc="(Ljava/io/InputStream;[Ljava/lang/String;)V" line="42"><counter type="INSTRUCTION" missed="15" covered="0"/><counter type="LINE" missed="4" covered="0"/><counter type="COMPLEXITY" missed="1" covered="0"/><counter type="METHOD" missed="1" covered="0"/></method><method name="resolveClass" desc="(Ljava/io/ObjectStreamClass;)Ljava/lang/Class;" line="64"><counter type="INSTRUCTION" missed="17" covered="0"/><counter type="BRANCH" missed="2" covered="0"/><counter type="LINE" missed="3" covered="0"/><counter type="COMPLEXITY" missed="2" covered="0"/><counter type="METHOD" missed="1" covered="0"/></method><counter type="INSTRUCTION" missed="32" covered="0"/><counter type="BRANCH" missed="2" covered="0"/><counter type="LINE" missed="7" covered="0"/><counter type="COMPLEXITY" missed="3" covered="0"/><counter type="METHOD" missed="2" covered="0"/><counter type="CLASS" missed="1" covered="0"/></class><class name="org/owasp/dependencycheck/utils/SSLSocketFactoryEx" sourcefilename="SSLSocketFactoryEx.java"><method name="&lt;init&gt;" desc="(Lorg/owasp/dependencycheck/utils/Settings;)V" line="64"><counter type="INSTRUCTION" missed="0" covered="11"/><counter type="LINE" missed="0" covered="4"/><counter type="COMPLEXITY" missed="0" covered="1"/><counter type="METHOD" missed="0" covered="1"/></method><method name="&lt;init&gt;" desc="([Ljavax/net/ssl/KeyManager;[Ljavax/net/ssl/TrustManager;Ljava/security/SecureRandom;Lorg/owasp/dependencycheck/utils/Settings;)V" line="81"><counter type="INSTRUCTION" missed="11" covered="0"/><counter type="LINE" missed="4" covered="0"/><counter type="COMPLEXITY" missed="1" covered="0"/><counter type="METHOD" missed="1" covered="0"/></method><method name="&lt;init&gt;" desc="(Ljavax/net/ssl/SSLContext;Lorg/owasp/dependencycheck/utils/Settings;)V" line="95"><counter type="INSTRUCTION" missed="9" covered="0"/><counter type="LINE" missed="4" covered="0"/><counter type="COMPLEXITY" missed="1" covered="0"/><counter type="METHOD" missed="1" covered="0"/></method><method name="getDefaultCipherSuites" desc="()[Ljava/lang/String;" line="107"><counter type="INSTRUCTION" missed="5" covered="0"/><counter type="LINE" missed="1" covered="0"/><counter type="COMPLEXITY" missed="1" covered="0"/><counter type="METHOD" missed="1" covered="0"/></method><method name="getSupportedCipherSuites" desc="()[Ljava/lang/String;" line="117"><counter type="INSTRUCTION" missed="5" covered="0"/><counter type="LINE" missed="1" covered="0"/><counter type="COMPLEXITY" missed="1" covered="0"/><counter type="METHOD" missed="1" covered="0"/></method><method name="getDefaultProtocols" desc="()[Ljava/lang/String;" line="126"><counter type="INSTRUCTION" missed="8" covered="0"/><counter type="LINE" missed="1" covered="0"/><counter type="COMPLEXITY" missed="1" covered="0"/><counter type="METHOD" missed="1" covered="0"/></method><method name="getSupportedProtocols" desc="()[Ljava/lang/String;" line="135"><counter type="INSTRUCTION" missed="8" covered="0"/><counter type="LINE" missed="1" covered="0"/><counter type="COMPLEXITY" missed="1" covered="0"/><counter type="METHOD" missed="1" covered="0"/></method><method name="createSocket" desc="(Ljava/net/Socket;Ljava/lang/String;IZ)Ljava/net/Socket;" line="145"><counter type="INSTRUCTION" missed="0" covered="18"/><counter type="LINE" missed="0" covered="4"/><counter type="COMPLEXITY" missed="0" covered="1"/><counter type="METHOD" missed="0" covered="1"/></method><method name="createSocket" desc="(Ljava/net/InetAddress;ILjava/net/InetAddress;I)Ljava/net/Socket;" line="160"><counter type="INSTRUCTION" missed="18" covered="0"/><counter type="LINE" missed="4" covered="0"/><counter type="COMPLEXITY" missed="1" covered="0"/><counter type="METHOD" missed="1" covered="0"/></method><method name="createSocket" desc="(Ljava/lang/String;ILjava/net/InetAddress;I)Ljava/net/Socket;" line="175"><counter type="INSTRUCTION" missed="18" covered="0"/><counter type="LINE" missed="4" covered="0"/><counter type="COMPLEXITY" missed="1" covered="0"/><counter type="METHOD" missed="1" covered="0"/></method><method name="createSocket" desc="(Ljava/net/InetAddress;I)Ljava/net/Socket;" line="190"><counter type="INSTRUCTION" missed="16" covered="0"/><counter type="LINE" missed="4" covered="0"/><counter type="COMPLEXITY" missed="1" covered="0"/><counter type="METHOD" missed="1" covered="0"/></method><method name="createSocket" desc="(Ljava/lang/String;I)Ljava/net/Socket;" line="205"><counter type="INSTRUCTION" missed="16" covered="0"/><counter type="LINE" missed="4" covered="0"/><counter type="COMPLEXITY" missed="1" covered="0"/><counter type="METHOD" missed="1" covered="0"/></method><method name="initSSLSocketFactoryEx" desc="([Ljavax/net/ssl/KeyManager;[Ljavax/net/ssl/TrustManager;Ljava/security/SecureRandom;)V" line="225"><counter type="INSTRUCTION" missed="0" covered="15"/><counter type="LINE" missed="0" covered="4"/><counter type="COMPLEXITY" missed="0" covered="1"/><counter type="METHOD" missed="0" covered="1"/></method><method name="initSSLSocketFactoryEx" desc="(Ljavax/net/ssl/SSLContext;)V" line="241"><counter type="INSTRUCTION" missed="8" covered="0"/><counter type="LINE" missed="3" covered="0"/><counter type="COMPLEXITY" missed="1" covered="0"/><counter type="METHOD" missed="1" covered="0"/></method><method name="getProtocolList" desc="()[Ljava/lang/String;" line="251"><counter type="INSTRUCTION" missed="53" covered="69"/><counter type="BRANCH" missed="6" covered="6"/><counter type="LINE" missed="9" covered="18"/><counter type="COMPLEXITY" missed="4" covered="3"/><counter type="METHOD" missed="0" covered="1"/></method><method name="&lt;clinit&gt;" desc="()V" line="36"><counter type="INSTRUCTION" missed="0" covered="6"/><counter type="LINE" missed="0" covered="2"/><counter type="COMPLEXITY" missed="0" covered="1"/><counter type="METHOD" missed="0" covered="1"/></method><counter type="INSTRUCTION" missed="175" covered="119"/><counter type="BRANCH" missed="6" covered="6"/><counter type="LINE" missed="40" covered="32"/><counter type="COMPLEXITY" missed="15" covered="7"/><counter type="METHOD" missed="11" covered="5"/><counter type="CLASS" missed="0" covered="1"/></class><class name="org/owasp/dependencycheck/utils/InvalidSettingException" sourcefilename="InvalidSettingException.java"><method name="&lt;init&gt;" desc="()V" line="39"><counter type="INSTRUCTION" missed="3" covered="0"/><counter type="LINE" missed="2" covered="0"/><counter type="COMPLEXITY" missed="1" covered="0"/><counter type="METHOD" missed="1" covered="0"/></method><method name="&lt;init&gt;" desc="(Ljava/lang/String;)V" line="48"><counter type="INSTRUCTION" missed="4" covered="0"/><counter type="LINE" missed="2" covered="0"/><counter type="COMPLEXITY" missed="1" covered="0"/><counter type="METHOD" missed="1" covered="0"/></method><method name="&lt;init&gt;" desc="(Ljava/lang/Throwable;)V" line="57"><counter type="INSTRUCTION" missed="4" covered="0"/><counter type="LINE" missed="2" covered="0"/><counter type="COMPLEXITY" missed="1" covered="0"/><counter type="METHOD" missed="1" covered="0"/></method><method name="&lt;init&gt;" desc="(Ljava/lang/String;Ljava/lang/Throwable;)V" line="67"><counter type="INSTRUCTION" missed="5" covered="0"/><counter type="LINE" missed="2" covered="0"/><counter type="COMPLEXITY" missed="1" covered="0"/><counter type="METHOD" missed="1" covered="0"/></method><counter type="INSTRUCTION" missed="16" covered="0"/><counter type="LINE" missed="8" covered="0"/><counter type="COMPLEXITY" missed="4" covered="0"/><counter type="METHOD" missed="4" covered="0"/><counter type="CLASS" missed="1" covered="0"/></class><class name="org/owasp/dependencycheck/utils/URLConnectionFactory$1" sourcefilename="URLConnectionFactory.java"><method name="&lt;init&gt;" desc="(Lorg/owasp/dependencycheck/utils/URLConnectionFactory;Ljava/lang/String;Ljava/lang/String;Ljava/lang/String;)V" line="89"><counter type="INSTRUCTION" missed="15" covered="0"/><counter type="LINE" missed="1" covered="0"/><counter type="COMPLEXITY" missed="1" covered="0"/><counter type="METHOD" missed="1" covered="0"/></method><method name="getPasswordAuthentication" desc="()Ljava/net/PasswordAuthentication;" line="92"><counter type="INSTRUCTION" missed="43" covered="0"/><counter type="BRANCH" missed="6" covered="0"/><counter type="LINE" missed="9" covered="0"/><counter type="COMPLEXITY" missed="4" covered="0"/><counter type="METHOD" missed="1" covered="0"/></method><counter type="INSTRUCTION" missed="58" covered="0"/><counter type="BRANCH" missed="6" covered="0"/><counter type="LINE" missed="10" covered="0"/><counter type="COMPLEXITY" missed="5" covered="0"/><counter type="METHOD" missed="2" covered="0"/><counter type="CLASS" missed="1" covered="0"/></class><class name="org/owasp/dependencycheck/utils/URLConnectionFailureException" sourcefilename="URLConnectionFailureException.java"><method name="&lt;init&gt;" desc="()V" line="39"><counter type="INSTRUCTION" missed="3" covered="0"/><counter type="LINE" missed="2" covered="0"/><counter type="COMPLEXITY" missed="1" covered="0"/><counter type="METHOD" missed="1" covered="0"/></method><method name="&lt;init&gt;" desc="(Ljava/lang/String;)V" line="48"><counter type="INSTRUCTION" missed="4" covered="0"/><counter type="LINE" missed="2" covered="0"/><counter type="COMPLEXITY" missed="1" covered="0"/><counter type="METHOD" missed="1" covered="0"/></method><method name="&lt;init&gt;" desc="(Ljava/lang/Throwable;)V" line="57"><counter type="INSTRUCTION" missed="4" covered="0"/><counter type="LINE" missed="2" covered="0"/><counter type="COMPLEXITY" missed="1" covered="0"/><counter type="METHOD" missed="1" covered="0"/></method><method name="&lt;init&gt;" desc="(Ljava/lang/String;Ljava/lang/Throwable;)V" line="67"><counter type="INSTRUCTION" missed="5" covered="0"/><counter type="LINE" missed="2" covered="0"/><counter type="COMPLEXITY" missed="1" covered="0"/><counter type="METHOD" missed="1" covered="0"/></method><counter type="INSTRUCTION" missed="16" covered="0"/><counter type="LINE" missed="8" covered="0"/><counter type="COMPLEXITY" missed="4" covered="0"/><counter type="METHOD" missed="4" covered="0"/><counter type="CLASS" missed="1" covered="0"/></class><class name="org/owasp/dependencycheck/utils/URLConnectionFactory" sourcefilename="URLConnectionFactory.java"><method name="&lt;init&gt;" desc="(Lorg/owasp/dependencycheck/utils/Settings;)V" line="62"><counter type="INSTRUCTION" missed="0" covered="6"/><counter type="LINE" missed="0" covered="3"/><counter type="COMPLEXITY" missed="0" covered="1"/><counter type="METHOD" missed="0" covered="1"/></method><method name="createHttpURLConnection" desc="(Ljava/net/URL;)Ljava/net/HttpURLConnection;" line="77"><counter type="INSTRUCTION" missed="64" covered="32"/><counter type="BRANCH" missed="9" covered="1"/><counter type="LINE" missed="15" covered="10"/><counter type="COMPLEXITY" missed="5" covered="1"/><counter type="METHOD" missed="0" covered="1"/></method><method name="matchNonProxy" desc="(Ljava/net/URL;)Z" line="140"><counter type="INSTRUCTION" missed="102" covered="0"/><counter type="BRANCH" missed="30" covered="0"/><counter type="LINE" missed="19" covered="0"/><counter type="COMPLEXITY" missed="16" covered="0"/><counter type="METHOD" missed="1" covered="0"/></method><method name="createHttpURLConnection" desc="(Ljava/net/URL;Z)Ljava/net/HttpURLConnection;" line="186"><counter type="INSTRUCTION" missed="7" covered="31"/><counter type="BRANCH" missed="0" covered="2"/><counter type="LINE" missed="2" covered="10"/><counter type="COMPLEXITY" missed="0" covered="2"/><counter type="METHOD" missed="0" covered="1"/></method><method name="configureTLS" desc="(Ljava/net/URL;Ljava/net/URLConnection;)V" line="211"><counter type="INSTRUCTION" missed="11" covered="19"/><counter type="BRANCH" missed="1" covered="1"/><counter type="LINE" missed="4" covered="6"/><counter type="COMPLEXITY" missed="1" covered="1"/><counter type="METHOD" missed="0" covered="1"/></method><method name="&lt;clinit&gt;" desc="()V" line="51"><counter type="INSTRUCTION" missed="0" covered="4"/><counter type="LINE" missed="0" covered="1"/><counter type="COMPLEXITY" missed="0" covered="1"/><counter type="METHOD" missed="0" covered="1"/></method><counter type="INSTRUCTION" missed="184" covered="92"/><counter type="BRANCH" missed="40" covered="4"/><counter type="LINE" missed="40" covered="30"/><counter type="COMPLEXITY" missed="22" covered="6"/><counter type="METHOD" missed="1" covered="5"/><counter type="CLASS" missed="0" covered="1"/></class><class name="org/owasp/dependencycheck/utils/Downloader" sourcefilename="Downloader.java"><method name="&lt;init&gt;" desc="(Lorg/owasp/dependencycheck/utils/Settings;)V" line="47"><counter type="INSTRUCTION" missed="0" covered="6"/><counter type="LINE" missed="0" covered="3"/><counter type="COMPLEXITY" missed="0" covered="1"/><counter type="METHOD" missed="0" covered="1"/></method><method name="fetchFile" desc="(Ljava/net/URL;Ljava/io/File;)V" line="60"><counter type="INSTRUCTION" missed="0" covered="6"/><counter type="LINE" missed="0" covered="2"/><counter type="COMPLEXITY" missed="0" covered="1"/><counter type="METHOD" missed="0" covered="1"/></method><method name="fetchFile" desc="(Ljava/net/URL;Ljava/io/File;Z)V" line="74"><counter type="INSTRUCTION" missed="22" covered="26"/><counter type="LINE" missed="3" covered="6"/><counter type="COMPLEXITY" missed="0" covered="1"/><counter type="METHOD" missed="0" covered="1"/></method><counter type="INSTRUCTION" missed="22" covered="38"/><counter type="LINE" missed="3" covered="11"/><counter type="COMPLEXITY" missed="0" covered="3"/><counter type="METHOD" missed="0" covered="3"/><counter type="CLASS" missed="0" covered="1"/></class><class name="org/owasp/dependencycheck/utils/ExtractionException" sourcefilename="ExtractionException.java"><method name="&lt;init&gt;" desc="()V" line="39"><counter type="INSTRUCTION" missed="3" covered="0"/><counter type="LINE" missed="2" covered="0"/><counter type="COMPLEXITY" missed="1" covered="0"/><counter type="METHOD" missed="1" covered="0"/></method><method name="&lt;init&gt;" desc="(Ljava/lang/String;)V" line="48"><counter type="INSTRUCTION" missed="4" covered="0"/><counter type="LINE" missed="2" covered="0"/><counter type="COMPLEXITY" missed="1" covered="0"/><counter type="METHOD" missed="1" covered="0"/></method><method name="&lt;init&gt;" desc="(Ljava/lang/Throwable;)V" line="57"><counter type="INSTRUCTION" missed="4" covered="0"/><counter type="LINE" missed="2" covered="0"/><counter type="COMPLEXITY" missed="1" covered="0"/><counter type="METHOD" missed="1" covered="0"/></method><method name="&lt;init&gt;" desc="(Ljava/lang/String;Ljava/lang/Throwable;)V" line="67"><counter type="INSTRUCTION" missed="5" covered="0"/><counter type="LINE" missed="2" covered="0"/><counter type="COMPLEXITY" missed="1" covered="0"/><counter type="METHOD" missed="1" covered="0"/></method><counter type="INSTRUCTION" missed="16" covered="0"/><counter type="LINE" missed="8" covered="0"/><counter type="COMPLEXITY" missed="4" covered="0"/><counter type="METHOD" missed="4" covered="0"/><counter type="CLASS" missed="1" covered="0"/></class><class name="org/owasp/dependencycheck/utils/DownloadFailedException" sourcefilename="DownloadFailedException.java"><method name="&lt;init&gt;" desc="()V" line="39"><counter type="INSTRUCTION" missed="3" covered="0"/><counter type="LINE" missed="2" covered="0"/><counter type="COMPLEXITY" missed="1" covered="0"/><counter type="METHOD" missed="1" covered="0"/></method><method name="&lt;init&gt;" desc="(Ljava/lang/String;)V" line="48"><counter type="INSTRUCTION" missed="4" covered="0"/><counter type="LINE" missed="2" covered="0"/><counter type="COMPLEXITY" missed="1" covered="0"/><counter type="METHOD" missed="1" covered="0"/></method><method name="&lt;init&gt;" desc="(Ljava/lang/Throwable;)V" line="57"><counter type="INSTRUCTION" missed="4" covered="0"/><counter type="LINE" missed="2" covered="0"/><counter type="COMPLEXITY" missed="1" covered="0"/><counter type="METHOD" missed="1" covered="0"/></method><method name="&lt;init&gt;" desc="(Ljava/lang/String;Ljava/lang/Throwable;)V" line="67"><counter type="INSTRUCTION" missed="5" covered="0"/><counter type="LINE" missed="2" covered="0"/><counter type="COMPLEXITY" missed="1" covered="0"/><counter type="METHOD" missed="1" covered="0"/></method><counter type="INSTRUCTION" missed="16" covered="0"/><counter type="LINE" missed="8" covered="0"/><counter type="COMPLEXITY" missed="4" covered="0"/><counter type="METHOD" missed="4" covered="0"/><counter type="CLASS" missed="1" covered="0"/></class><class name="org/owasp/dependencycheck/utils/XmlUtils" sourcefilename="XmlUtils.java"><method name="buildSecureSaxParser" desc="([Ljava/io/InputStream;)Ljavax/xml/parsers/SAXParser;" line="79"><counter type="INSTRUCTION" missed="0" covered="29"/><counter type="LINE" missed="0" covered="9"/><counter type="COMPLEXITY" missed="0" covered="1"/><counter type="METHOD" missed="0" covered="1"/></method><method name="parseBoolean" desc="(Ljava/lang/String;)Z" line="104"><counter type="INSTRUCTION" missed="14" covered="16"/><counter type="BRANCH" missed="1" covered="2"/><counter type="LINE" missed="1" covered="6"/><counter type="COMPLEXITY" missed="1" covered="2"/><counter type="METHOD" missed="0" covered="1"/></method><method name="buildSecureSaxParser" desc="()Ljavax/xml/parsers/SAXParser;" line="133"><counter type="INSTRUCTION" missed="0" covered="17"/><counter type="LINE" missed="0" covered="5"/><counter type="COMPLEXITY" missed="0" covered="1"/><counter type="METHOD" missed="0" covered="1"/></method><method name="buildSecureDocumentBuilder" desc="()Ljavax/xml/parsers/DocumentBuilder;" line="148"><counter type="INSTRUCTION" missed="0" covered="17"/><counter type="LINE" missed="0" covered="5"/><counter type="COMPLEXITY" missed="0" covered="1"/><counter type="METHOD" missed="0" covered="1"/></method><method name="getPrettyParseExceptionInfo" desc="(Lorg/xml/sax/SAXParseException;)Ljava/lang/String;" line="163"><counter type="INSTRUCTION" missed="58" covered="0"/><counter type="BRANCH" missed="8" covered="0"/><counter type="LINE" missed="11" covered="0"/><counter type="COMPLEXITY" missed="5" covered="0"/><counter type="METHOD" missed="1" covered="0"/></method><counter type="INSTRUCTION" missed="72" covered="79"/><counter type="BRANCH" missed="9" covered="2"/><counter type="LINE" missed="12" covered="25"/><counter type="COMPLEXITY" missed="6" covered="5"/><counter type="METHOD" missed="1" covered="4"/><counter type="CLASS" missed="0" covered="1"/></class><class name="org/owasp/dependencycheck/utils/Checksum" sourcefilename="Checksum.java"><method name="getChecksum" desc="(Ljava/lang/String;Ljava/io/File;)[B" line="82"><counter type="INSTRUCTION" missed="0" covered="55"/><counter type="BRANCH" missed="1" covered="3"/><counter type="LINE" missed="0" covered="14"/><counter type="COMPLEXITY" missed="1" covered="2"/><counter type="METHOD" missed="0" covered="1"/></method><method name="getMD5Checksum" desc="(Ljava/io/File;)Ljava/lang/String;" line="108"><counter type="INSTRUCTION" missed="0" covered="7"/><counter type="LINE" missed="0" covered="2"/><counter type="COMPLEXITY" missed="0" covered="1"/><counter type="METHOD" missed="0" covered="1"/></method><method name="getSHA1Checksum" desc="(Ljava/io/File;)Ljava/lang/String;" line="121"><counter type="INSTRUCTION" missed="0" covered="7"/><counter type="LINE" missed="0" covered="2"/><counter type="COMPLEXITY" missed="0" covered="1"/><counter type="METHOD" missed="0" covered="1"/></method><method name="getSHA256Checksum" desc="(Ljava/io/File;)Ljava/lang/String;" line="134"><counter type="INSTRUCTION" missed="0" covered="7"/><counter type="LINE" missed="0" covered="2"/><counter type="COMPLEXITY" missed="0" covered="1"/><counter type="METHOD" missed="0" covered="1"/></method><method name="getChecksum" desc="(Ljava/lang/String;[B)Ljava/lang/String;" line="147"><counter type="INSTRUCTION" missed="10" covered="0"/><counter type="LINE" missed="3" covered="0"/><counter type="COMPLEXITY" missed="1" covered="0"/><counter type="METHOD" missed="1" covered="0"/></method><method name="getMD5Checksum" desc="(Ljava/lang/String;)Ljava/lang/String;" line="159"><counter type="INSTRUCTION" missed="7" covered="0"/><counter type="LINE" missed="2" covered="0"/><counter type="COMPLEXITY" missed="1" covered="0"/><counter type="METHOD" missed="1" covered="0"/></method><method name="getSHA1Checksum" desc="(Ljava/lang/String;)Ljava/lang/String;" line="170"><counter type="INSTRUCTION" missed="7" covered="0"/><counter type="LINE" missed="2" covered="0"/><counter type="COMPLEXITY" missed="1" covered="0"/><counter type="METHOD" missed="1" covered="0"/></method><method name="getSHA256Checksum" desc="(Ljava/lang/String;)Ljava/lang/String;" line="181"><counter type="INSTRUCTION" missed="7" covered="0"/><counter type="LINE" missed="2" covered="0"/><counter type="COMPLEXITY" missed="1" covered="0"/><counter type="METHOD" missed="1" covered="0"/></method><method name="stringToBytes" desc="(Ljava/lang/String;)[B" line="194"><counter type="INSTRUCTION" missed="14" covered="0"/><counter type="LINE" missed="5" covered="0"/><counter type="COMPLEXITY" missed="1" covered="0"/><counter type="METHOD" missed="1" covered="0"/></method><method name="getHex" desc="([B)Ljava/lang/String;" line="213"><counter type="INSTRUCTION" missed="2" covered="45"/><counter type="BRANCH" missed="1" covered="3"/><counter type="LINE" missed="1" covered="5"/><counter type="COMPLEXITY" missed="1" covered="2"/><counter type="METHOD" missed="0" covered="1"/></method><method name="getMessageDigest" desc="(Ljava/lang/String;)Ljava/security/MessageDigest;" line="231"><counter type="INSTRUCTION" missed="23" covered="0"/><counter type="LINE" missed="5" covered="0"/><counter type="COMPLEXITY" missed="1" covered="0"/><counter type="METHOD" missed="1" covered="0"/></method><method name="&lt;clinit&gt;" desc="()V" line="49"><counter type="INSTRUCTION" missed="0" covered="4"/><counter type="LINE" missed="0" covered="1"/><counter type="COMPLEXITY" missed="0" covered="1"/><counter type="METHOD" missed="0" covered="1"/></method><counter type="INSTRUCTION" missed="70" covered="125"/><counter type="BRANCH" missed="2" covered="6"/><counter type="LINE" missed="20" covered="26"/><counter type="COMPLEXITY" missed="8" covered="8"/><counter type="METHOD" missed="6" covered="6"/><counter type="CLASS" missed="0" covered="1"/></class><sourcefile name="ExpectedObjectInputStream.java"><line nr="42" mi="5" ci="0" mb="0" cb="0"/><line nr="53" mi="3" ci="0" mb="0" cb="0"/><line nr="54" mi="6" ci="0" mb="0" cb="0"/><line nr="55" mi="1" ci="0" mb="0" cb="0"/><line nr="64" mi="6" ci="0" mb="2" cb="0"/><line nr="65" mi="7" ci="0" mb="0" cb="0"/><line nr="67" mi="4" ci="0" mb="0" cb="0"/><counter type="INSTRUCTION" missed="32" covered="0"/><counter type="BRANCH" missed="2" covered="0"/><counter type="LINE" missed="7" covered="0"/><counter type="COMPLEXITY" missed="3" covered="0"/><counter type="METHOD" missed="2" covered="0"/><counter type="CLASS" missed="1" covered="0"/></sourcefile><sourcefile name="FileUtils.java"><line nr="42" mi="0" ci="4" mb="0" cb="0"/><line nr="66" mi="0" ci="3" mb="0" cb="0"/><line nr="67" mi="2" ci="9" mb="2" cb="2"/><line nr="78" mi="0" ci="3" mb="0" cb="0"/><line nr="79" mi="0" ci="2" mb="1" cb="1"/><line nr="80" mi="5" ci="0" mb="0" cb="0"/><line nr="81" mi="2" ci="0" mb="0" cb="0"/><line nr="83" mi="0" ci="2" mb="0" cb="0"/><line nr="95" mi="0" ci="14" mb="0" cb="0"/><line nr="96" mi="0" ci="3" mb="1" cb="1"/><line nr="97" mi="3" ci="0" mb="0" cb="0"/><line nr="99" mi="0" ci="3" mb="1" cb="1"/><line nr="100" mi="15" ci="0" mb="0" cb="0"/><line nr="102" mi="0" ci="5" mb="0" cb="0"/><line nr="103" mi="0" ci="2" mb="0" cb="0"/><line nr="113" mi="0" ci="2" mb="1" cb="1"/><line nr="114" mi="2" ci="0" mb="0" cb="0"/><line nr="116" mi="0" ci="2" mb="0" cb="0"/><line nr="127" mi="0" ci="3" mb="0" cb="2"/><line nr="129" mi="0" ci="2" mb="0" cb="0"/><line nr="130" mi="1" ci="0" mb="0" cb="0"/><line nr="131" mi="4" ci="0" mb="0" cb="0"/><line nr="132" mi="0" ci="1" mb="0" cb="0"/><line nr="134" mi="0" ci="1" mb="0" cb="0"/><line nr="143" mi="0" ci="4" mb="1" cb="1"/><line nr="144" mi="0" ci="5" mb="0" cb="0"/><line nr="145" mi="2" ci="0" mb="0" cb="0"/><counter type="INSTRUCTION" missed="36" covered="70"/><counter type="BRANCH" missed="7" covered="9"/><counter type="LINE" missed="8" covered="19"/><counter type="COMPLEXITY" missed="7" covered="8"/><counter type="METHOD" missed="0" covered="7"/><counter type="CLASS" missed="0" covered="1"/></sourcefile><sourcefile name="SSLSocketFactoryEx.java"><line nr="36" mi="0" ci="3" mb="0" cb="0"/><line nr="54" mi="0" ci="3" mb="0" cb="0"/><line nr="64" mi="0" ci="2" mb="0" cb="0"/><line nr="65" mi="0" ci="3" mb="0" cb="0"/><line nr="66" mi="0" ci="5" mb="0" cb="0"/><line nr="67" mi="0" ci="1" mb="0" cb="0"/><line nr="81" mi="2" ci="0" mb="0" cb="0"/><line nr="82" mi="3" ci="0" mb="0" cb="0"/><line nr="83" mi="5" ci="0" mb="0" cb="0"/><line nr="84" mi="1" ci="0" mb="0" cb="0"/><line nr="95" mi="2" ci="0" mb="0" cb="0"/><line nr="96" mi="3" ci="0" mb="0" cb="0"/><line nr="97" mi="3" ci="0" mb="0" cb="0"/><line nr="98" mi="1" ci="0" mb="0" cb="0"/><line nr="107" mi="5" ci="0" mb="0" cb="0"/><line nr="117" mi="5" ci="0" mb="0" cb="0"/><line nr="126" mi="8" ci="0" mb="0" cb="0"/><line nr="135" mi="8" ci="0" mb="0" cb="0"/><line nr="145" mi="0" ci="4" mb="0" cb="0"/><line nr="146" mi="0" ci="8" mb="0" cb="0"/><line nr="148" mi="0" ci="4" mb="0" cb="0"/><line nr="150" mi="0" ci="2" mb="0" cb="0"/><line nr="160" mi="4" ci="0" mb="0" cb="0"/><line nr="161" mi="8" ci="0" mb="0" cb="0"/><line nr="163" mi="4" ci="0" mb="0" cb="0"/><line nr="165" mi="2" ci="0" mb="0" cb="0"/><line nr="175" mi="4" ci="0" mb="0" cb="0"/><line nr="176" mi="8" ci="0" mb="0" cb="0"/><line nr="178" mi="4" ci="0" mb="0" cb="0"/><line nr="180" mi="2" ci="0" mb="0" cb="0"/><line nr="190" mi="4" ci="0" mb="0" cb="0"/><line nr="191" mi="6" ci="0" mb="0" cb="0"/><line nr="193" mi="4" ci="0" mb="0" cb="0"/><line nr="195" mi="2" ci="0" mb="0" cb="0"/><line nr="205" mi="4" ci="0" mb="0" cb="0"/><line nr="206" mi="6" ci="0" mb="0" cb="0"/><line nr="208" mi="4" ci="0" mb="0" cb="0"/><line nr="210" mi="2" ci="0" mb="0" cb="0"/><line nr="225" mi="0" ci="4" mb="0" cb="0"/><line nr="226" mi="0" ci="6" mb="0" cb="0"/><line nr="228" mi="0" ci="4" mb="0" cb="0"/><line nr="229" mi="0" ci="1" mb="0" cb="0"/><line nr="241" mi="3" ci="0" mb="0" cb="0"/><line nr="242" mi="4" ci="0" mb="0" cb="0"/><line nr="243" mi="1" ci="0" mb="0" cb="0"/><line nr="251" mi="0" ci="2" mb="0" cb="0"/><line nr="252" mi="0" ci="2" mb="0" cb="0"/><line nr="253" mi="0" ci="6" mb="0" cb="0"/><line nr="256" mi="0" ci="2" mb="0" cb="0"/><line nr="258" mi="0" ci="4" mb="0" cb="0"/><line nr="259" mi="0" ci="4" mb="0" cb="0"/><line nr="261" mi="0" ci="3" mb="0" cb="0"/><line nr="262" mi="0" ci="2" mb="0" cb="0"/><line nr="263" mi="2" ci="3" mb="3" cb="1"/><line nr="264" mi="2" ci="0" mb="0" cb="0"/><line nr="265" mi="3" ci="0" mb="0" cb="0"/><line nr="266" mi="16" ci="0" mb="2" cb="0"/><line nr="267" mi="3" ci="0" mb="0" cb="0"/><line nr="270" mi="1" ci="0" mb="0" cb="0"/><line nr="271" mi="4" ci="0" mb="0" cb="0"/><line nr="272" mi="17" ci="0" mb="0" cb="0"/><line nr="274" mi="0" ci="2" mb="1" cb="1"/><line nr="276" mi="0" ci="2" mb="0" cb="0"/><line nr="277" mi="1" ci="0" mb="0" cb="0"/><line nr="278" mi="4" ci="0" mb="0" cb="0"/><line nr="279" mi="0" ci="1" mb="0" cb="0"/><line nr="283" mi="0" ci="4" mb="0" cb="0"/><line nr="284" mi="0" ci="16" mb="0" cb="2"/><line nr="285" mi="0" ci="4" mb="0" cb="0"/><line nr="286" mi="0" ci="2" mb="0" cb="2"/><line nr="287" mi="0" ci="4" mb="0" cb="0"/><line nr="291" mi="0" ci="6" mb="0" cb="0"/><counter type="INSTRUCTION" missed="175" covered="119"/><counter type="BRANCH" missed="6" covered="6"/><counter type="LINE" missed="40" covered="32"/><counter type="COMPLEXITY" missed="15" covered="7"/><counter type="METHOD" missed="11" covered="5"/><counter type="CLASS" missed="0" covered="1"/></sourcefile><sourcefile name="DownloadFailedException.java"><line nr="39" mi="2" ci="0" mb="0" cb="0"/><line nr="40" mi="1" ci="0" mb="0" cb="0"/><line nr="48" mi="3" ci="0" mb="0" cb="0"/><line nr="49" mi="1" ci="0" mb="0" cb="0"/><line nr="57" mi="3" ci="0" mb="0" cb="0"/><line nr="58" mi="1" ci="0" mb="0" cb="0"/><line nr="67" mi="4" ci="0" mb="0" cb="0"/><line nr="68" mi="1" ci="0" mb="0" cb="0"/><counter type="INSTRUCTION" missed="16" covered="0"/><counter type="LINE" missed="8" covered="0"/><counter type="COMPLEXITY" missed="4" covered="0"/><counter type="METHOD" missed="4" covered="0"/><counter type="CLASS" missed="1" covered="0"/></sourcefile><sourcefile name="Downloader.java"><line nr="47" mi="0" ci="2" mb="0" cb="0"/><line nr="48" mi="0" ci="3" mb="0" cb="0"/><line nr="49" mi="0" ci="1" mb="0" cb="0"/><line nr="60" mi="0" ci="5" mb="0" cb="0"/><line nr="61" mi="0" ci="1" mb="0" cb="0"/><line nr="74" mi="0" ci="11" mb="0" cb="0"/><line nr="75" mi="0" ci="5" mb="0" cb="0"/><line nr="76" mi="0" ci="4" mb="0" cb="0"/><line nr="77" mi="0" ci="4" mb="0" cb="0"/><line nr="78" mi="1" ci="0" mb="0" cb="0"/><line nr="79" mi="15" ci="0" mb="0" cb="0"/><line nr="80" mi="6" ci="0" mb="0" cb="0"/><line nr="81" mi="0" ci="1" mb="0" cb="0"/><line nr="82" mi="0" ci="1" mb="0" cb="0"/><counter type="INSTRUCTION" missed="22" covered="38"/><counter type="LINE" missed="3" covered="11"/><counter type="COMPLEXITY" missed="0" covered="3"/><counter type="METHOD" missed="0" covered="3"/><counter type="CLASS" missed="0" covered="1"/></sourcefile><sourcefile name="InvalidSettingException.java"><line nr="39" mi="2" ci="0" mb="0" cb="0"/><line nr="40" mi="1" ci="0" mb="0" cb="0"/><line nr="48" mi="3" ci="0" mb="0" cb="0"/><line nr="49" mi="1" ci="0" mb="0" cb="0"/><line nr="57" mi="3" ci="0" mb="0" cb="0"/><line nr="58" mi="1" ci="0" mb="0" cb="0"/><line nr="67" mi="4" ci="0" mb="0" cb="0"/><line nr="68" mi="1" ci="0" mb="0" cb="0"/><counter type="INSTRUCTION" missed="16" covered="0"/><counter type="LINE" missed="8" covered="0"/><counter type="COMPLEXITY" missed="4" covered="0"/><counter type="METHOD" missed="4" covered="0"/><counter type="CLASS" missed="1" covered="0"/></sourcefile><sourcefile name="Settings.java"><line nr="51" mi="0" ci="4" mb="0" cb="0"/><line nr="63" mi="3" ci="3" mb="0" cb="0"/><line nr="69" mi="3" ci="3" mb="0" cb="0"/><line nr="552" mi="0" ci="2" mb="0" cb="0"/><line nr="553" mi="0" ci="3" mb="0" cb="0"/><line nr="554" mi="0" ci="1" mb="0" cb="0"/><line nr="561" mi="2" ci="0" mb="0" cb="0"/><line nr="562" mi="3" ci="0" mb="0" cb="0"/><line nr="563" mi="1" ci="0" mb="0" cb="0"/><line nr="571" mi="0" ci="5" mb="0" cb="0"/><line nr="572" mi="0" ci="5" mb="0" cb="0"/><line nr="573" mi="0" ci="4" mb="0" cb="0"/><line nr="574" mi="1" ci="0" mb="0" cb="0"/><line nr="575" mi="4" ci="0" mb="0" cb="0"/><line nr="576" mi="4" ci="0" mb="0" cb="0"/><line nr="577" mi="1" ci="0" mb="0" cb="0"/><line nr="578" mi="4" ci="0" mb="0" cb="0"/><line nr="579" mi="4" ci="0" mb="0" cb="0"/><line nr="580" mi="1" ci="1" mb="0" cb="0"/><line nr="581" mi="0" ci="5" mb="0" cb="0"/><line nr="582" mi="0" ci="1" mb="0" cb="0"/><line nr="588" mi="3" ci="0" mb="0" cb="0"/><line nr="589" mi="1" ci="0" mb="0" cb="0"/><line nr="598" mi="0" ci="9" mb="1" cb="5"/><line nr="599" mi="0" ci="6" mb="0" cb="0"/><line nr="600" mi="0" ci="4" mb="0" cb="0"/><line nr="601" mi="0" ci="3" mb="0" cb="0"/><line nr="603" mi="0" ci="1" mb="0" cb="0"/><line nr="613" mi="0" ci="3" mb="1" cb="1"/><line nr="614" mi="4" ci="0" mb="0" cb="0"/><line nr="615" mi="7" ci="0" mb="0" cb="0"/><line nr="616" mi="10" ci="0" mb="0" cb="0"/><line nr="617" mi="3" ci="0" mb="0" cb="0"/><line nr="618" mi="3" ci="0" mb="2" cb="0"/><line nr="619" mi="4" ci="0" mb="0" cb="0"/><line nr="620" mi="4" ci="0" mb="2" cb="0"/><line nr="621" mi="11" ci="0" mb="0" cb="0"/><line nr="623" mi="4" ci="0" mb="0" cb="0"/><line nr="624" mi="2" ci="0" mb="2" cb="0"/><line nr="625" mi="14" ci="0" mb="0" cb="0"/><line nr="628" mi="1" ci="0" mb="0" cb="0"/><line nr="629" mi="2" ci="0" mb="0" cb="0"/><line nr="630" mi="4" ci="0" mb="0" cb="0"/><line nr="634" mi="0" ci="1" mb="0" cb="0"/><line nr="643" mi="0" ci="6" mb="0" cb="0"/><line nr="644" mi="0" ci="5" mb="0" cb="0"/><line nr="645" mi="0" ci="1" mb="0" cb="0"/><line nr="654" mi="3" ci="0" mb="2" cb="0"/><line nr="655" mi="4" ci="0" mb="0" cb="0"/><line nr="657" mi="1" ci="0" mb="0" cb="0"/><line nr="666" mi="3" ci="3" mb="3" cb="1"/><line nr="667" mi="4" ci="0" mb="0" cb="0"/><line nr="669" mi="0" ci="1" mb="0" cb="0"/><line nr="678" mi="6" ci="0" mb="4" cb="0"/><line nr="679" mi="8" ci="0" mb="0" cb="0"/><line nr="681" mi="1" ci="0" mb="0" cb="0"/><line nr="690" mi="6" ci="0" mb="4" cb="0"/><line nr="691" mi="8" ci="0" mb="0" cb="0"/><line nr="693" mi="1" ci="0" mb="0" cb="0"/><line nr="702" mi="0" ci="5" mb="0" cb="0"/><line nr="703" mi="0" ci="1" mb="0" cb="0"/><line nr="712" mi="3" ci="0" mb="2" cb="0"/><line nr="713" mi="5" ci="0" mb="0" cb="0"/><line nr="715" mi="1" ci="0" mb="0" cb="0"/><line nr="724" mi="7" ci="0" mb="0" cb="0"/><line nr="725" mi="6" ci="0" mb="0" cb="0"/><line nr="726" mi="1" ci="0" mb="0" cb="0"/><line nr="735" mi="3" ci="0" mb="2" cb="0"/><line nr="736" mi="5" ci="0" mb="0" cb="0"/><line nr="738" mi="1" ci="0" mb="0" cb="0"/><line nr="753" mi="7" ci="0" mb="0" cb="0"/><line nr="754" mi="3" ci="0" mb="0" cb="0"/><line nr="756" mi="1" ci="0" mb="0" cb="0"/><line nr="771" mi="7" ci="0" mb="0" cb="0"/><line nr="772" mi="3" ci="0" mb="0" cb="0"/><line nr="774" mi="1" ci="0" mb="0" cb="0"/><line nr="787" mi="4" ci="0" mb="0" cb="0"/><line nr="788" mi="5" ci="0" mb="0" cb="0"/><line nr="789" mi="1" ci="0" mb="0" cb="0"/><line nr="801" mi="4" ci="0" mb="0" cb="0"/><line nr="802" mi="2" ci="0" mb="2" cb="0"/><line nr="803" mi="2" ci="0" mb="0" cb="0"/><line nr="805" mi="5" ci="0" mb="0" cb="0"/><line nr="823" mi="0" ci="4" mb="0" cb="0"/><line nr="824" mi="0" ci="4" mb="0" cb="0"/><line nr="825" mi="0" ci="2" mb="1" cb="1"/><line nr="826" mi="2" ci="0" mb="0" cb="0"/><line nr="828" mi="0" ci="4" mb="1" cb="1"/><line nr="829" mi="3" ci="0" mb="0" cb="0"/><line nr="830" mi="3" ci="0" mb="0" cb="0"/><line nr="831" mi="5" ci="0" mb="0" cb="0"/><line nr="832" mi="8" ci="0" mb="0" cb="0"/><line nr="833" mi="5" ci="0" mb="0" cb="0"/><line nr="834" mi="2" ci="0" mb="0" cb="0"/><line nr="836" mi="0" ci="5" mb="0" cb="0"/><line nr="846" mi="2" ci="0" mb="0" cb="0"/><line nr="847" mi="2" ci="0" mb="0" cb="0"/><line nr="848" mi="3" ci="0" mb="0" cb="0"/><line nr="849" mi="9" ci="0" mb="6" cb="0"/><line nr="850" mi="6" ci="0" mb="0" cb="0"/><line nr="853" mi="5" ci="0" mb="0" cb="0"/><line nr="854" mi="1" ci="0" mb="0" cb="0"/><line nr="855" mi="4" ci="0" mb="0" cb="0"/><line nr="856" mi="1" ci="0" mb="0" cb="0"/><line nr="858" mi="5" ci="0" mb="0" cb="0"/><line nr="859" mi="6" ci="0" mb="2" cb="0"/><line nr="860" mi="3" ci="0" mb="0" cb="0"/><line nr="862" mi="5" ci="0" mb="0" cb="0"/><line nr="877" mi="0" ci="8" mb="0" cb="0"/><line nr="887" mi="0" ci="3" mb="0" cb="2"/><line nr="888" mi="0" ci="9" mb="0" cb="0"/><line nr="889" mi="0" ci="4" mb="0" cb="0"/><line nr="891" mi="0" ci="3" mb="0" cb="0"/><line nr="904" mi="0" ci="7" mb="0" cb="0"/><line nr="916" mi="0" ci="4" mb="0" cb="0"/><line nr="917" mi="0" ci="2" mb="0" cb="2"/><line nr="918" mi="0" ci="10" mb="2" cb="2"/><line nr="919" mi="8" ci="0" mb="0" cb="0"/><line nr="921" mi="0" ci="4" mb="0" cb="0"/><line nr="924" mi="0" ci="2" mb="0" cb="0"/><line nr="934" mi="5" ci="0" mb="0" cb="0"/><line nr="935" mi="1" ci="0" mb="0" cb="0"/><line nr="950" mi="0" ci="5" mb="0" cb="0"/><line nr="951" mi="1" ci="0" mb="0" cb="0"/><line nr="952" mi="15" ci="0" mb="0" cb="0"/><line nr="970" mi="0" ci="5" mb="0" cb="0"/><line nr="971" mi="0" ci="1" mb="0" cb="0"/><line nr="972" mi="0" ci="6" mb="1" cb="1"/><line nr="973" mi="20" ci="0" mb="0" cb="0"/><line nr="975" mi="0" ci="2" mb="0" cb="0"/><line nr="976" mi="0" ci="1" mb="0" cb="0"/><line nr="977" mi="0" ci="2" mb="0" cb="0"/><line nr="993" mi="5" ci="0" mb="0" cb="0"/><line nr="994" mi="1" ci="0" mb="0" cb="0"/><line nr="995" mi="15" ci="0" mb="0" cb="0"/><line nr="1012" mi="0" ci="5" mb="0" cb="0"/><line nr="1030" mi="0" ci="7" mb="0" cb="0"/><line nr="1046" mi="2" ci="0" mb="0" cb="0"/><line nr="1048" mi="5" ci="0" mb="0" cb="0"/><line nr="1049" mi="1" ci="0" mb="0" cb="0"/><line nr="1050" mi="4" ci="0" mb="0" cb="0"/><line nr="1051" mi="1" ci="0" mb="0" cb="0"/><line nr="1052" mi="2" ci="0" mb="0" cb="0"/><line nr="1070" mi="0" ci="4" mb="0" cb="0"/><line nr="1071" mi="0" ci="2" mb="1" cb="1"/><line nr="1072" mi="9" ci="0" mb="0" cb="0"/><line nr="1073" mi="5" ci="0" mb="0" cb="0"/><line nr="1075" mi="0" ci="4" mb="1" cb="1"/><line nr="1076" mi="0" ci="3" mb="0" cb="0"/><line nr="1077" mi="0" ci="4" mb="0" cb="0"/><line nr="1078" mi="0" ci="2" mb="0" cb="0"/><line nr="1079" mi="0" ci="2" mb="1" cb="1"/><line nr="1080" mi="0" ci="4" mb="0" cb="0"/><line nr="1082" mi="0" ci="2" mb="1" cb="1"/><line nr="1083" mi="9" ci="0" mb="0" cb="0"/><line nr="1085" mi="5" ci="0" mb="0" cb="0"/><line nr="1087" mi="0" ci="8" mb="2" cb="2"/><line nr="1088" mi="0" ci="8" mb="0" cb="0"/><line nr="1091" mi="0" ci="6" mb="0" cb="0"/><line nr="1092" mi="0" ci="10" mb="0" cb="0"/><line nr="1093" mi="0" ci="4" mb="0" cb="0"/><line nr="1094" mi="0" ci="2" mb="0" cb="0"/><line nr="1096" mi="2" ci="0" mb="0" cb="0"/><line nr="1107" mi="0" ci="4" mb="0" cb="0"/><line nr="1108" mi="3" ci="5" mb="4" cb="2"/><line nr="1109" mi="0" ci="2" mb="0" cb="0"/><line nr="1111" mi="10" ci="0" mb="0" cb="0"/><line nr="1112" mi="7" ci="0" mb="2" cb="0"/><line nr="1123" mi="0" ci="4" mb="0" cb="0"/><line nr="1125" mi="0" ci="5" mb="1" cb="3"/><line nr="1126" mi="0" ci="5" mb="0" cb="0"/><line nr="1128" mi="0" ci="4" mb="0" cb="0"/><line nr="1130" mi="3" ci="5" mb="4" cb="2"/><line nr="1131" mi="0" ci="2" mb="0" cb="0"/><line nr="1133" mi="10" ci="0" mb="0" cb="0"/><line nr="1134" mi="7" ci="0" mb="2" cb="0"/><line nr="1146" mi="3" ci="0" mb="0" cb="0"/><line nr="1147" mi="18" ci="0" mb="0" cb="0"/><line nr="1148" mi="6" ci="0" mb="0" cb="0"/><line nr="1149" mi="3" ci="0" mb="2" cb="0"/><line nr="1150" mi="5" ci="0" mb="0" cb="0"/><line nr="1152" mi="2" ci="0" mb="0" cb="0"/><counter type="INSTRUCTION" missed="503" covered="296"/><counter type="BRANCH" missed="61" covered="29"/><counter type="LINE" missed="107" covered="75"/><counter type="COMPLEXITY" missed="57" covered="25"/><counter type="METHOD" missed="17" covered="20"/><counter type="CLASS" missed="0" covered="1"/></sourcefile><sourcefile name="ExtractionException.java"><line nr="39" mi="2" ci="0" mb="0" cb="0"/><line nr="40" mi="1" ci="0" mb="0" cb="0"/><line nr="48" mi="3" ci="0" mb="0" cb="0"/><line nr="49" mi="1" ci="0" mb="0" cb="0"/><line nr="57" mi="3" ci="0" mb="0" cb="0"/><line nr="58" mi="1" ci="0" mb="0" cb="0"/><line nr="67" mi="4" ci="0" mb="0" cb="0"/><line nr="68" mi="1" ci="0" mb="0" cb="0"/><counter type="INSTRUCTION" missed="16" covered="0"/><counter type="LINE" missed="8" covered="0"/><counter type="COMPLEXITY" missed="4" covered="0"/><counter type="METHOD" missed="4" covered="0"/><counter type="CLASS" missed="1" covered="0"/></sourcefile><sourcefile name="URLConnectionFailureException.java"><line nr="39" mi="2" ci="0" mb="0" cb="0"/><line nr="40" mi="1" ci="0" mb="0" cb="0"/><line nr="48" mi="3" ci="0" mb="0" cb="0"/><line nr="49" mi="1" ci="0" mb="0" cb="0"/><line nr="57" mi="3" ci="0" mb="0" cb="0"/><line nr="58" mi="1" ci="0" mb="0" cb="0"/><line nr="67" mi="4" ci="0" mb="0" cb="0"/><line nr="68" mi="1" ci="0" mb="0" cb="0"/><counter type="INSTRUCTION" missed="16" covered="0"/><counter type="LINE" missed="8" covered="0"/><counter type="COMPLEXITY" missed="4" covered="0"/><counter type="METHOD" missed="4" covered="0"/><counter type="CLASS" missed="1" covered="0"/></sourcefile><sourcefile name="Checksum.java"><line nr="49" mi="0" ci="4" mb="0" cb="0"/><line nr="82" mi="0" ci="3" mb="0" cb="0"/><line nr="83" mi="0" ci="9" mb="0" cb="0"/><line nr="84" mi="0" ci="3" mb="0" cb="0"/><line nr="85" mi="0" ci="3" mb="0" cb="0"/><line nr="86" mi="0" ci="4" mb="0" cb="0"/><line nr="87" mi="0" ci="5" mb="1" cb="3"/><line nr="88" mi="0" ci="3" mb="0" cb="0"/><line nr="89" mi="0" ci="3" mb="0" cb="0"/><line nr="90" mi="0" ci="4" mb="0" cb="0"/><line nr="91" mi="0" ci="5" mb="0" cb="0"/><line nr="92" mi="0" ci="3" mb="0" cb="0"/><line nr="93" mi="0" ci="4" mb="0" cb="0"/><line nr="94" mi="0" ci="1" mb="0" cb="0"/><line nr="95" mi="0" ci="5" mb="0" cb="0"/><line nr="108" mi="0" ci="4" mb="0" cb="0"/><line nr="109" mi="0" ci="3" mb="0" cb="0"/><line nr="121" mi="0" ci="4" mb="0" cb="0"/><line nr="122" mi="0" ci="3" mb="0" cb="0"/><line nr="134" mi="0" ci="4" mb="0" cb="0"/><line nr="135" mi="0" ci="3" mb="0" cb="0"/><line nr="147" mi="3" ci="0" mb="0" cb="0"/><line nr="148" mi="4" ci="0" mb="0" cb="0"/><line nr="149" mi="3" ci="0" mb="0" cb="0"/><line nr="159" mi="3" ci="0" mb="0" cb="0"/><line nr="160" mi="4" ci="0" mb="0" cb="0"/><line nr="170" mi="3" ci="0" mb="0" cb="0"/><line nr="171" mi="4" ci="0" mb="0" cb="0"/><line nr="181" mi="3" ci="0" mb="0" cb="0"/><line nr="182" mi="4" ci="0" mb="0" cb="0"/><line nr="194" mi="6" ci="0" mb="0" cb="0"/><line nr="195" mi="1" ci="0" mb="0" cb="0"/><line nr="196" mi="4" ci="0" mb="0" cb="0"/><line nr="197" mi="1" ci="0" mb="0" cb="0"/><line nr="198" mi="2" ci="0" mb="0" cb="0"/><line nr="213" mi="0" ci="2" mb="1" cb="1"/><line nr="214" mi="2" ci="0" mb="0" cb="0"/><line nr="216" mi="0" ci="8" mb="0" cb="0"/><line nr="217" mi="0" ci="16" mb="0" cb="2"/><line nr="218" mi="0" ci="16" mb="0" cb="0"/><line nr="220" mi="0" ci="3" mb="0" cb="0"/><line nr="231" mi="3" ci="0" mb="0" cb="0"/><line nr="232" mi="1" ci="0" mb="0" cb="0"/><line nr="233" mi="4" ci="0" mb="0" cb="0"/><line nr="234" mi="9" ci="0" mb="0" cb="0"/><line nr="235" mi="6" ci="0" mb="0" cb="0"/><counter type="INSTRUCTION" missed="70" covered="125"/><counter type="BRANCH" missed="2" covered="6"/><counter type="LINE" missed="20" covered="26"/><counter type="COMPLEXITY" missed="8" covered="8"/><counter type="METHOD" missed="6" covered="6"/><counter type="CLASS" missed="0" covered="1"/></sourcefile><sourcefile name="XmlUtils.java"><line nr="79" mi="0" ci="2" mb="0" cb="0"/><line nr="80" mi="0" ci="3" mb="0" cb="0"/><line nr="81" mi="0" ci="3" mb="0" cb="0"/><line nr="82" mi="0" ci="4" mb="0" cb="0"/><line nr="83" mi="0" ci="4" mb="0" cb="0"/><line nr="87" mi="0" ci="3" mb="0" cb="0"/><line nr="88" mi="0" ci="4" mb="0" cb="0"/><line nr="89" mi="0" ci="4" mb="0" cb="0"/><line nr="90" mi="0" ci="2" mb="0" cb="0"/><line nr="104" mi="0" ci="8" mb="1" cb="2"/><line nr="107" mi="0" ci="2" mb="0" cb="0"/><line nr="108" mi="0" ci="1" mb="0" cb="0"/><line nr="111" mi="0" ci="2" mb="0" cb="0"/><line nr="112" mi="0" ci="1" mb="0" cb="0"/><line nr="114" mi="14" ci="0" mb="0" cb="0"/><line nr="116" mi="0" ci="2" mb="0" cb="0"/><line nr="133" mi="0" ci="2" mb="0" cb="0"/><line nr="134" mi="0" ci="4" mb="0" cb="0"/><line nr="135" mi="0" ci="4" mb="0" cb="0"/><line nr="136" mi="0" ci="4" mb="0" cb="0"/><line nr="137" mi="0" ci="3" mb="0" cb="0"/><line nr="148" mi="0" ci="2" mb="0" cb="0"/><line nr="149" mi="0" ci="4" mb="0" cb="0"/><line nr="150" mi="0" ci="4" mb="0" cb="0"/><line nr="151" mi="0" ci="4" mb="0" cb="0"/><line nr="152" mi="0" ci="3" mb="0" cb="0"/><line nr="163" mi="4" ci="0" mb="0" cb="0"/><line nr="165" mi="3" ci="0" mb="2" cb="0"/><line nr="166" mi="9" ci="0" mb="0" cb="0"/><line nr="168" mi="3" ci="0" mb="2" cb="0"/><line nr="169" mi="9" ci="0" mb="0" cb="0"/><line nr="171" mi="3" ci="0" mb="2" cb="0"/><line nr="172" mi="7" ci="0" mb="0" cb="0"/><line nr="174" mi="3" ci="0" mb="2" cb="0"/><line nr="175" mi="7" ci="0" mb="0" cb="0"/><line nr="177" mi="7" ci="0" mb="0" cb="0"/><line nr="179" mi="3" ci="0" mb="0" cb="0"/><counter type="INSTRUCTION" missed="72" covered="79"/><counter type="BRANCH" missed="9" covered="2"/><counter type="LINE" missed="12" covered="25"/><counter type="COMPLEXITY" missed="6" covered="5"/><counter type="METHOD" missed="1" covered="4"/><counter type="CLASS" missed="0" covered="1"/></sourcefile><sourcefile name="HttpResourceConnection.java"><line nr="46" mi="0" ci="4" mb="0" cb="0"/><line nr="72" mi="0" ci="3" mb="0" cb="0"/><line nr="76" mi="0" ci="3" mb="0" cb="0"/><line nr="84" mi="0" ci="4" mb="0" cb="0"/><line nr="85" mi="0" ci="1" mb="0" cb="0"/><line nr="93" mi="0" ci="2" mb="0" cb="0"/><line nr="94" mi="0" ci="3" mb="0" cb="0"/><line nr="95" mi="0" ci="6" mb="0" cb="0"/><line nr="96" mi="0" ci="3" mb="0" cb="0"/><line nr="97" mi="0" ci="1" mb="0" cb="0"/><line nr="109" mi="0" ci="5" mb="1" cb="1"/><line nr="112" mi="6" ci="0" mb="0" cb="0"/><line nr="113" mi="1" ci="0" mb="0" cb="0"/><line nr="114" mi="10" ci="0" mb="0" cb="0"/><line nr="115" mi="5" ci="0" mb="0" cb="0"/><line nr="116" mi="1" ci="0" mb="0" cb="0"/><line nr="117" mi="3" ci="0" mb="2" cb="0"/><line nr="119" mi="5" ci="0" mb="0" cb="0"/><line nr="120" mi="1" ci="0" mb="0" cb="0"/><line nr="121" mi="10" ci="0" mb="0" cb="0"/><line nr="122" mi="6" ci="0" mb="0" cb="0"/><line nr="125" mi="10" ci="0" mb="0" cb="0"/><line nr="126" mi="5" ci="0" mb="0" cb="0"/><line nr="129" mi="0" ci="3" mb="1" cb="1"/><line nr="130" mi="3" ci="0" mb="0" cb="0"/><line nr="131" mi="3" ci="0" mb="0" cb="0"/><line nr="132" mi="3" ci="0" mb="0" cb="0"/><line nr="134" mi="0" ci="5" mb="0" cb="0"/><line nr="136" mi="0" ci="4" mb="0" cb="0"/><line nr="138" mi="0" ci="6" mb="1" cb="3"/><line nr="139" mi="0" ci="7" mb="0" cb="0"/><line nr="140" mi="4" ci="2" mb="3" cb="1"/><line nr="141" mi="7" ci="0" mb="0" cb="0"/><line nr="143" mi="0" ci="4" mb="0" cb="0"/><line nr="145" mi="1" ci="0" mb="0" cb="0"/><line nr="146" mi="3" ci="0" mb="0" cb="0"/><line nr="147" mi="8" ci="0" mb="0" cb="0"/><line nr="148" mi="13" ci="0" mb="0" cb="0"/><line nr="149" mi="6" ci="0" mb="0" cb="0"/><line nr="150" mi="1" ci="0" mb="0" cb="0"/><line nr="151" mi="8" ci="0" mb="0" cb="0"/><line nr="152" mi="13" ci="0" mb="0" cb="0"/><line nr="153" mi="6" ci="0" mb="0" cb="0"/><line nr="167" mi="0" ci="2" mb="0" cb="0"/><line nr="169" mi="0" ci="5" mb="0" cb="0"/><line nr="170" mi="0" ci="7" mb="0" cb="0"/><line nr="171" mi="0" ci="4" mb="0" cb="0"/><line nr="172" mi="0" ci="2" mb="0" cb="0"/><line nr="173" mi="0" ci="3" mb="0" cb="0"/><line nr="174" mi="0" ci="2" mb="0" cb="0"/><line nr="176" mi="4" ci="9" mb="5" cb="3"/><line nr="180" mi="4" ci="0" mb="0" cb="0"/><line nr="182" mi="2" ci="0" mb="0" cb="0"/><line nr="184" mi="2" ci="0" mb="0" cb="0"/><line nr="186" mi="6" ci="0" mb="0" cb="0"/><line nr="187" mi="10" ci="0" mb="0" cb="0"/><line nr="188" mi="4" ci="0" mb="0" cb="0"/><line nr="189" mi="2" ci="0" mb="0" cb="0"/><line nr="190" mi="3" ci="0" mb="0" cb="0"/><line nr="191" mi="1" ci="0" mb="0" cb="0"/><line nr="192" mi="0" ci="3" mb="1" cb="1"/><line nr="194" mi="2" ci="0" mb="0" cb="0"/><line nr="196" mi="2" ci="0" mb="0" cb="0"/><line nr="198" mi="15" ci="0" mb="0" cb="0"/><line nr="199" mi="5" ci="0" mb="0" cb="0"/><line nr="201" mi="1" ci="0" mb="0" cb="0"/><line nr="203" mi="2" ci="0" mb="2" cb="0"/><line nr="204" mi="2" ci="0" mb="0" cb="0"/><line nr="207" mi="2" ci="0" mb="0" cb="0"/><line nr="209" mi="5" ci="0" mb="2" cb="0"/><line nr="210" mi="5" ci="0" mb="0" cb="0"/><line nr="213" mi="3" ci="0" mb="0" cb="0"/><line nr="214" mi="6" ci="0" mb="0" cb="0"/><line nr="216" mi="10" ci="0" mb="0" cb="0"/><line nr="217" mi="6" ci="0" mb="0" cb="0"/><line nr="218" mi="0" ci="1" mb="0" cb="0"/><line nr="219" mi="0" ci="2" mb="0" cb="0"/><line nr="233" mi="0" ci="5" mb="0" cb="0"/><line nr="249" mi="0" ci="2" mb="0" cb="0"/><line nr="251" mi="0" ci="5" mb="1" cb="1"/><line nr="254" mi="6" ci="0" mb="0" cb="0"/><line nr="255" mi="1" ci="0" mb="0" cb="0"/><line nr="256" mi="10" ci="0" mb="0" cb="0"/><line nr="257" mi="6" ci="0" mb="0" cb="0"/><line nr="258" mi="1" ci="0" mb="0" cb="0"/><line nr="259" mi="3" ci="0" mb="0" cb="0"/><line nr="260" mi="1" ci="0" mb="0" cb="0"/><line nr="261" mi="0" ci="3" mb="0" cb="0"/><line nr="262" mi="0" ci="2" mb="0" cb="0"/><line nr="264" mi="0" ci="5" mb="0" cb="0"/><line nr="265" mi="0" ci="3" mb="0" cb="0"/><line nr="266" mi="0" ci="2" mb="0" cb="0"/><line nr="267" mi="0" ci="3" mb="0" cb="0"/><line nr="268" mi="0" ci="6" mb="2" cb="2"/><line nr="269" mi="0" ci="4" mb="0" cb="0"/><line nr="271" mi="16" ci="0" mb="0" cb="0"/><line nr="273" mi="1" ci="0" mb="0" cb="0"/><line nr="274" mi="17" ci="0" mb="0" cb="0"/><line nr="275" mi="1" ci="0" mb="0" cb="0"/><line nr="276" mi="3" ci="0" mb="0" cb="0"/><line nr="277" mi="15" ci="0" mb="0" cb="0"/><line nr="278" mi="4" ci="0" mb="0" cb="0"/><line nr="279" mi="3" ci="0" mb="2" cb="0"/><line nr="280" mi="14" ci="0" mb="0" cb="0"/><line nr="284" mi="7" ci="0" mb="4" cb="0"/><line nr="285" mi="5" ci="0" mb="0" cb="0"/><line nr="286" mi="7" ci="0" mb="0" cb="0"/><line nr="288" mi="1" ci="0" mb="0" cb="0"/><line nr="289" mi="4" ci="0" mb="0" cb="0"/><line nr="290" mi="1" ci="0" mb="0" cb="0"/><line nr="291" mi="17" ci="0" mb="0" cb="0"/><line nr="293" mi="0" ci="2" mb="1" cb="1"/><line nr="295" mi="0" ci="2" mb="0" cb="0"/><line nr="297" mi="0" ci="2" mb="0" cb="0"/><line nr="302" mi="0" ci="2" mb="0" cb="0"/><line nr="312" mi="0" ci="3" mb="1" cb="1"/><line nr="314" mi="0" ci="3" mb="0" cb="0"/><line nr="316" mi="0" ci="3" mb="0" cb="0"/><line nr="319" mi="0" ci="1" mb="0" cb="0"/><line nr="327" mi="7" ci="0" mb="2" cb="0"/><line nr="336" mi="1" ci="6" mb="1" cb="1"/><line nr="349" mi="0" ci="6" mb="0" cb="0"/><line nr="350" mi="1" ci="0" mb="0" cb="0"/><line nr="351" mi="3" ci="0" mb="2" cb="0"/><line nr="352" mi="6" ci="0" mb="0" cb="0"/><line nr="354" mi="2" ci="0" mb="0" cb="0"/><line nr="355" mi="0" ci="1" mb="0" cb="0"/><line nr="356" mi="0" ci="2" mb="0" cb="0"/><line nr="370" mi="2" ci="0" mb="0" cb="0"/><line nr="371" mi="2" ci="0" mb="2" cb="0"/><line nr="372" mi="3" ci="0" mb="2" cb="0"/><line nr="373" mi="10" ci="0" mb="0" cb="0"/><line nr="374" mi="3" ci="0" mb="0" cb="0"/><line nr="375" mi="5" ci="0" mb="0" cb="0"/><line nr="377" mi="3" ci="0" mb="2" cb="0"/><line nr="378" mi="3" ci="0" mb="0" cb="0"/><line nr="379" mi="3" ci="0" mb="0" cb="0"/><line nr="380" mi="3" ci="0" mb="0" cb="0"/><line nr="381" mi="3" ci="0" mb="0" cb="0"/><line nr="382" mi="3" ci="0" mb="0" cb="0"/><line nr="384" mi="17" ci="0" mb="0" cb="0"/><line nr="386" mi="5" ci="0" mb="0" cb="0"/><line nr="388" mi="4" ci="0" mb="0" cb="0"/><line nr="390" mi="1" ci="0" mb="0" cb="0"/><counter type="INSTRUCTION" missed="480" covered="179"/><counter type="BRANCH" missed="40" covered="16"/><counter type="LINE" missed="92" covered="52"/><counter type="COMPLEXITY" missed="29" covered="11"/><counter type="METHOD" missed="2" covered="10"/><counter type="CLASS" missed="0" covered="1"/></sourcefile><sourcefile name="URLConnectionFactory.java"><line nr="51" mi="0" ci="4" mb="0" cb="0"/><line nr="62" mi="0" ci="2" mb="0" cb="0"/><line nr="63" mi="0" ci="3" mb="0" cb="0"/><line nr="64" mi="0" ci="1" mb="0" cb="0"/><line nr="77" mi="0" ci="2" mb="0" cb="0"/><line nr="78" mi="0" ci="5" mb="0" cb="0"/><line nr="81" mi="4" ci="2" mb="3" cb="1"/><line nr="82" mi="5" ci="0" mb="0" cb="0"/><line nr="83" mi="6" ci="0" mb="0" cb="0"/><line nr="85" mi="5" ci="0" mb="0" cb="0"/><line nr="86" mi="5" ci="0" mb="0" cb="0"/><line nr="88" mi="4" ci="0" mb="4" cb="0"/><line nr="89" mi="23" ci="0" mb="0" cb="0"/><line nr="92" mi="11" ci="0" mb="4" cb="0"/><line nr="93" mi="3" ci="0" mb="0" cb="0"/><line nr="95" mi="7" ci="0" mb="2" cb="0"/><line nr="96" mi="4" ci="0" mb="0" cb="0"/><line nr="98" mi="1" ci="0" mb="0" cb="0"/><line nr="99" mi="4" ci="0" mb="0" cb="0"/><line nr="100" mi="1" ci="0" mb="0" cb="0"/><line nr="101" mi="9" ci="0" mb="0" cb="0"/><line nr="103" mi="3" ci="0" mb="0" cb="0"/><line nr="106" mi="2" ci="0" mb="0" cb="0"/><line nr="109" mi="6" ci="0" mb="0" cb="0"/><line nr="110" mi="5" ci="0" mb="0" cb="0"/><line nr="111" mi="1" ci="0" mb="0" cb="0"/><line nr="112" mi="0" ci="4" mb="0" cb="0"/><line nr="114" mi="0" ci="6" mb="0" cb="0"/><line nr="115" mi="0" ci="3" mb="0" cb="0"/><line nr="116" mi="0" ci="3" mb="0" cb="0"/><line nr="117" mi="1" ci="0" mb="0" cb="0"/><line nr="118" mi="2" ci="0" mb="2" cb="0"/><line nr="120" mi="2" ci="0" mb="0" cb="0"/><line nr="122" mi="2" ci="0" mb="0" cb="0"/><line nr="125" mi="6" ci="0" mb="0" cb="0"/><line nr="126" mi="0" ci="1" mb="0" cb="0"/><line nr="129" mi="0" ci="4" mb="0" cb="0"/><line nr="130" mi="0" ci="2" mb="0" cb="0"/><line nr="140" mi="3" ci="0" mb="0" cb="0"/><line nr="143" mi="5" ci="0" mb="0" cb="0"/><line nr="144" mi="3" ci="0" mb="2" cb="0"/><line nr="145" mi="4" ci="0" mb="0" cb="0"/><line nr="146" mi="16" ci="0" mb="2" cb="0"/><line nr="148" mi="7" ci="0" mb="4" cb="0"/><line nr="150" mi="4" ci="0" mb="0" cb="0"/><line nr="151" mi="5" ci="0" mb="0" cb="0"/><line nr="152" mi="6" ci="0" mb="0" cb="0"/><line nr="154" mi="10" ci="0" mb="6" cb="0"/><line nr="155" mi="2" ci="0" mb="0" cb="0"/><line nr="158" mi="10" ci="0" mb="6" cb="0"/><line nr="159" mi="2" ci="0" mb="0" cb="0"/><line nr="162" mi="12" ci="0" mb="6" cb="0"/><line nr="163" mi="2" ci="0" mb="2" cb="0"/><line nr="164" mi="2" ci="0" mb="0" cb="0"/><line nr="166" mi="5" ci="0" mb="2" cb="0"/><line nr="167" mi="2" ci="0" mb="0" cb="0"/><line nr="171" mi="2" ci="0" mb="0" cb="0"/><line nr="186" mi="0" ci="2" mb="0" cb="2"/><line nr="187" mi="0" ci="4" mb="0" cb="0"/><line nr="189" mi="0" ci="2" mb="0" cb="0"/><line nr="191" mi="0" ci="4" mb="0" cb="0"/><line nr="192" mi="0" ci="6" mb="0" cb="0"/><line nr="193" mi="0" ci="3" mb="0" cb="0"/><line nr="194" mi="0" ci="3" mb="0" cb="0"/><line nr="195" mi="1" ci="0" mb="0" cb="0"/><line nr="196" mi="6" ci="0" mb="0" cb="0"/><line nr="197" mi="0" ci="1" mb="0" cb="0"/><line nr="198" mi="0" ci="4" mb="0" cb="0"/><line nr="199" mi="0" ci="2" mb="0" cb="0"/><line nr="211" mi="0" ci="5" mb="1" cb="1"/><line nr="213" mi="0" ci="3" mb="0" cb="0"/><line nr="214" mi="0" ci="6" mb="0" cb="0"/><line nr="215" mi="0" ci="3" mb="0" cb="0"/><line nr="216" mi="1" ci="0" mb="0" cb="0"/><line nr="217" mi="4" ci="0" mb="0" cb="0"/><line nr="218" mi="1" ci="0" mb="0" cb="0"/><line nr="219" mi="4" ci="0" mb="0" cb="0"/><line nr="220" mi="1" ci="1" mb="0" cb="0"/><line nr="222" mi="0" ci="1" mb="0" cb="0"/><counter type="INSTRUCTION" missed="242" covered="92"/><counter type="BRANCH" missed="46" covered="4"/><counter type="LINE" missed="49" covered="30"/><counter type="COMPLEXITY" missed="27" covered="6"/><counter type="METHOD" missed="3" covered="5"/><counter type="CLASS" missed="1" covered="1"/></sourcefile><counter type="INSTRUCTION" missed="1696" covered="998"/><counter type="BRANCH" missed="173" covered="72"/><counter type="LINE" missed="370" covered="270"/><counter type="COMPLEXITY" missed="168" covered="73"/><counter type="METHOD" missed="58" covered="60"/><counter type="CLASS" missed="6" covered="8"/></package><counter type="INSTRUCTION" missed="1768" covered="998"/><counter type="BRANCH" missed="179" covered="72"/><counter type="LINE" missed="380" covered="270"/><counter type="COMPLEXITY" missed="174" covered="73"/><counter type="METHOD" missed="61" covered="60"/><counter type="CLASS" missed="7" covered="8"/></group><counter type="INSTRUCTION" missed="1768" covered="998"/><counter type="BRANCH" missed="179" covered="72"/><counter type="LINE" missed="380" covered="270"/><counter type="COMPLEXITY" missed="174" covered="73"/><counter type="METHOD" missed="61" covered="60"/><counter type="CLASS" missed="7" covered="8"/></report>